<?xml version="1.0" encoding="windows-1252" standalone="no"?>
<!DOCTYPE log SYSTEM "logger.dtd">
<log>
<record>
  <date>2017-12-17T14:57:18</date>
  <millis>1513522638128</millis>
  <sequence>0</sequence>
  <logger>org.uma.jmetal.util.JMetalLogger</logger>
  <level>INFO</level>
  <class>org.uma.jmetal.util.JMetalLogger</class>
  <method>configureLoggers</method>
  <thread>14</thread>
  <message>Loggers configured with null</message>
</record>
<record>
  <date>2017-12-17T14:57:18</date>
  <millis>1513522638193</millis>
  <sequence>1</sequence>
  <logger>org.uma.jmetal.util.JMetalLogger</logger>
  <level>INFO</level>
  <class>org.uma.jmetal.util.experiment.component.ExecuteAlgorithms</class>
  <method>run</method>
  <thread>14</thread>
  <message>ExecuteAlgorithms: Preparing output directory</message>
</record>
<record>
  <date>2017-12-17T14:57:18</date>
  <millis>1513522638206</millis>
  <sequence>2</sequence>
  <logger>org.uma.jmetal.util.JMetalLogger</logger>
  <level>INFO</level>
  <class>org.uma.jmetal.util.experiment.util.ExperimentAlgorithm</class>
  <method>runAlgorithm</method>
  <thread>14</thread>
  <message> Running algorithm: NSGAII, problem: AntiSpamFilterProblem, run: 0, funFile: experimentBaseDirectory/AntiSpamStudy/data/NSGAII/AntiSpamFilterProblem/FUN0.tsv</message>
</record>
<record>
  <date>2017-12-17T14:57:36</date>
  <millis>1513522656330</millis>
  <sequence>3</sequence>
  <logger>org.uma.jmetal.util.JMetalLogger</logger>
  <level>INFO</level>
  <class>org.uma.jmetal.util.experiment.component.ExecuteAlgorithms</class>
  <method>run</method>
  <thread>14</thread>
  <message>ExecuteAlgorithms: Preparing output directory</message>
</record>
<record>
  <date>2017-12-17T14:57:36</date>
  <millis>1513522656331</millis>
  <sequence>4</sequence>
  <logger>org.uma.jmetal.util.JMetalLogger</logger>
  <level>INFO</level>
  <class>org.uma.jmetal.util.experiment.util.ExperimentAlgorithm</class>
  <method>runAlgorithm</method>
  <thread>14</thread>
  <message> Running algorithm: NSGAII, problem: AntiSpamFilterProblem, run: 0, funFile: experimentBaseDirectory/AntiSpamStudy/data/NSGAII/AntiSpamFilterProblem/FUN0.tsv</message>
</record>
<record>
  <date>2017-12-17T14:57:49</date>
  <millis>1513522669535</millis>
  <sequence>5</sequence>
  <logger>org.uma.jmetal.util.JMetalLogger</logger>
  <level>INFO</level>
  <class>org.uma.jmetal.util.experiment.util.ExperimentAlgorithm</class>
  <method>runAlgorithm</method>
  <thread>14</thread>
  <message> Running algorithm: NSGAII, problem: AntiSpamFilterProblem, run: 1, funFile: experimentBaseDirectory/AntiSpamStudy/data/NSGAII/AntiSpamFilterProblem/FUN1.tsv</message>
</record>
<record>
  <date>2017-12-17T14:58:00</date>
  <millis>1513522680782</millis>
  <sequence>6</sequence>
  <logger>org.uma.jmetal.util.JMetalLogger</logger>
  <level>INFO</level>
  <class>org.uma.jmetal.util.experiment.util.ExperimentAlgorithm</class>
  <method>runAlgorithm</method>
  <thread>14</thread>
  <message> Running algorithm: NSGAII, problem: AntiSpamFilterProblem, run: 2, funFile: experimentBaseDirectory/AntiSpamStudy/data/NSGAII/AntiSpamFilterProblem/FUN2.tsv</message>
</record>
<record>
  <date>2017-12-17T14:58:12</date>
  <millis>1513522692103</millis>
  <sequence>7</sequence>
  <logger>org.uma.jmetal.util.JMetalLogger</logger>
  <level>INFO</level>
  <class>org.uma.jmetal.util.experiment.util.ExperimentAlgorithm</class>
  <method>runAlgorithm</method>
  <thread>14</thread>
  <message> Running algorithm: NSGAII, problem: AntiSpamFilterProblem, run: 3, funFile: experimentBaseDirectory/AntiSpamStudy/data/NSGAII/AntiSpamFilterProblem/FUN3.tsv</message>
</record>
<record>
  <date>2017-12-17T14:58:22</date>
  <millis>1513522702599</millis>
  <sequence>8</sequence>
  <logger>org.uma.jmetal.util.JMetalLogger</logger>
  <level>INFO</level>
  <class>org.uma.jmetal.util.experiment.util.ExperimentAlgorithm</class>
  <method>runAlgorithm</method>
  <thread>14</thread>
  <message> Running algorithm: NSGAII, problem: AntiSpamFilterProblem, run: 4, funFile: experimentBaseDirectory/AntiSpamStudy/data/NSGAII/AntiSpamFilterProblem/FUN4.tsv</message>
</record>
<record>
  <date>2017-12-17T14:58:34</date>
  <millis>1513522714180</millis>
  <sequence>9</sequence>
  <logger>org.uma.jmetal.util.JMetalLogger</logger>
  <level>INFO</level>
  <class>org.uma.jmetal.util.experiment.component.ComputeQualityIndicators</class>
  <method>run</method>
  <thread>14</thread>
  <message>Computing indicator: HV</message>
</record>
<record>
  <date>2017-12-17T14:58:34</date>
  <millis>1513522714181</millis>
  <sequence>10</sequence>
  <logger>org.uma.jmetal.util.JMetalLogger</logger>
  <level>INFO</level>
  <class>org.uma.jmetal.util.experiment.component.ComputeQualityIndicators</class>
  <method>run</method>
  <thread>14</thread>
  <message>RF: experimentBaseDirectory/referenceFronts/AntiSpamFilterProblem.rf</message>
</record>
